connected

extend 1 RoleInit: 0.00 ms
extend 1 COT-TreeExp: 11.08 ms
extend 1 LPN-MatMult: 21.03 ms
1	setup	561.214ms
connected

extend 2 RoleInit: 0.00 ms
extend 2 COT-TreeExp: 65.05 ms
extend 2 LPN-MatMult: 10.99 ms
2	setup	601.954ms
Active FERRET RCOT inplace	
extend 1 RoleInit: 0.00 ms
extend 1 COT-TreeExp: 152.41 ms
extend 1 LPN-MatMult: 287.77 ms
total: 488.83 ms
inf OTps
Active FERRET RCOT inplace	
extend 2 RoleInit: 0.00 ms
extend 2 COT-TreeExp: 461.70 ms
extend 2 LPN-MatMult: 149.75 ms
total: 614.51 ms
inf OTps
